<?xml version="1.0" encoding="UTF-8"?>
<!-- Generated by org.testng.reporters.JUnitReportReporter -->
<testsuite hostname="DESKTOP-CC6P9CR" failures="0" tests="2" name="tests.PutPatchDelete" time="2.569" errors="0" timestamp="2022-05-31T11:44:54 IST" skipped="0">
  <testcase classname="tests.PutPatchDelete" name="Patch_Method" time="0.598"/>
  <system-out/>
  <testcase classname="tests.PutPatchDelete" name="Delete_Method" time="1.971"/>
  <system-out/>
</testsuite> <!-- tests.PutPatchDelete -->
