<?xml version="1.0" encoding="UTF-8"?>
<!-- Generated by org.testng.reporters.JUnitReportReporter -->
<testsuite hostname="DESKTOP-CC6P9CR" failures="0" tests="1" name="tests.PostLoginDetails" time="2.798" errors="0" timestamp="2022-07-22T16:53:07 IST" skipped="0">
  <testcase classname="tests.PostLoginDetails" name="SpeedLogin" time="2.798"/>
  <system-out/>
</testsuite> <!-- tests.PostLoginDetails -->
