<?xml version="1.0" encoding="UTF-8"?>
<!-- Generated by org.testng.reporters.JUnitReportReporter -->
<testsuite hostname="DESKTOP-CC6P9CR" failures="0" tests="6" name="speed.POST_VerifySignUpEmail" time="4.146" errors="0" timestamp="2022-09-01T11:16:39 IST" skipped="5">
  <testcase classname="speed.POST_VerifySignUpEmail" name="connectDataBase" time="4.146"/>
  <system-out/>
  <testcase classname="speed.POST_VerifySignUpEmail" name="verifyEmail_with_ValidLink">
    <skipped/>
  </testcase> <!-- verifyEmail_with_ValidLink -->
  <system-out/>
  <testcase classname="speed.POST_VerifySignUpEmail" name="verifyEmail_with_ExpiredLink">
    <skipped/>
  </testcase> <!-- verifyEmail_with_ExpiredLink -->
  <system-out/>
  <testcase classname="speed.POST_VerifySignUpEmail" name="verifyEmail_with_InvalidLink">
    <skipped/>
  </testcase> <!-- verifyEmail_with_InvalidLink -->
  <system-out/>
  <testcase classname="speed.POST_VerifySignUpEmail" name="verifyEmail_with_EmptyLink">
    <skipped/>
  </testcase> <!-- verifyEmail_with_EmptyLink -->
  <system-out/>
  <testcase classname="speed.POST_VerifySignUpEmail" name="verifyEmail_with_AlreadyUsedLink">
    <skipped/>
  </testcase> <!-- verifyEmail_with_AlreadyUsedLink -->
  <system-out/>
</testsuite> <!-- speed.POST_VerifySignUpEmail -->
