<?xml version="1.0" encoding="UTF-8"?>
<!-- Generated by org.testng.reporters.JUnitReportReporter -->
<testsuite hostname="DESKTOP-CC6P9CR" failures="0" tests="2" name="tests.GetAndPostExamples" time="2.717" errors="0" timestamp="2022-07-21T12:15:10 IST" skipped="0">
  <testcase classname="tests.GetAndPostExamples" name="Get_Method" time="2.143"/>
  <system-out/>
  <testcase classname="tests.GetAndPostExamples" name="Post_Method" time="0.574"/>
  <system-out/>
</testsuite> <!-- tests.GetAndPostExamples -->
