<?xml version="1.0" encoding="UTF-8"?>
<!-- Generated by org.testng.reporters.JUnitReportReporter -->
<testsuite hostname="DESKTOP-CC6P9CR" failures="0" tests="1" name="tests.Logout" time="1.059" errors="0" timestamp="2022-06-01T13:53:09 IST" skipped="0">
  <testcase classname="tests.Logout" name="SpeedLogout" time="1.059"/>
  <system-out/>
</testsuite> <!-- tests.Logout -->
