<?xml version="1.0" encoding="UTF-8"?>
<!-- Generated by org.testng.reporters.JUnitReportReporter -->
<testsuite hostname="DESKTOP-CC6P9CR" failures="0" tests="2" name="tests.GetAndPostExamples" time="2.497" errors="0" timestamp="2022-06-01T14:00:54 IST" skipped="0">
  <testcase classname="tests.GetAndPostExamples" name="Get_Method" time="2.000"/>
  <system-out/>
  <testcase classname="tests.GetAndPostExamples" name="Post_Method" time="0.497"/>
  <system-out/>
</testsuite> <!-- tests.GetAndPostExamples -->
