<?xml version="1.0" encoding="UTF-8"?>
<!-- Generated by org.testng.reporters.JUnitReportReporter -->
<testsuite hostname="DESKTOP-CC6P9CR" failures="0" tests="2" name="tests.FirstClass" time="2.353" errors="0" timestamp="2022-07-20T11:47:55 IST" skipped="0">
  <testcase classname="tests.FirstClass" name="Get_Method2" time="0.816"/>
  <system-out/>
  <testcase classname="tests.FirstClass" name="Get_Method1" time="1.537"/>
  <system-out/>
</testsuite> <!-- tests.FirstClass -->
