<?xml version="1.0" encoding="UTF-8"?>
<!-- Generated by org.testng.reporters.JUnitReportReporter -->
<testsuite hostname="DESKTOP-CC6P9CR" failures="0" tests="5" name="speed.SignUp" time="14.629" errors="0" timestamp="2022-08-04T15:12:19 IST" skipped="1">
  <testcase classname="speed.SignUp" name="signup_with_ExceedPassword" time="1.050"/>
  <system-out/>
  <testcase classname="speed.SignUp" name="signup_with_AlreadyRegisteredEmail" time="6.904"/>
  <system-out/>
  <testcase classname="speed.SignUp" name="signup_with_EmptyDataField" time="1.446"/>
  <system-out/>
  <testcase classname="speed.SignUp" name="signup_with_InvalidEmailFormat" time="5.229"/>
  <system-out/>
  <testcase classname="speed.SignUp" name="signup_with_ValidData">
    <skipped/>
  </testcase> <!-- signup_with_ValidData -->
  <system-out/>
</testsuite> <!-- speed.SignUp -->
