<?xml version="1.0" encoding="UTF-8"?>
<!-- Generated by org.testng.reporters.JUnitReportReporter -->
<testsuite hostname="DESKTOP-CC6P9CR" failures="0" tests="2" name="tests.FirstClass" time="2.114" errors="0" timestamp="2022-07-21T11:03:16 IST" skipped="0">
  <testcase classname="tests.FirstClass" name="Get_Method2" time="0.626"/>
  <system-out/>
  <testcase classname="tests.FirstClass" name="Get_Method1" time="1.488"/>
  <system-out/>
</testsuite> <!-- tests.FirstClass -->
