<?xml version="1.0" encoding="UTF-8"?>
<!-- Generated by org.testng.reporters.JUnitReportReporter -->
<testsuite hostname="DESKTOP-CC6P9CR" failures="0" tests="2" name="tests.GetAndPostExamples" time="2.616" errors="0" timestamp="2023-02-15T17:27:46 IST" skipped="1">
  <testcase classname="tests.GetAndPostExamples" name="Post_Method" time="2.616"/>
  <system-out/>
  <testcase classname="tests.GetAndPostExamples" name="Get_Method">
    <skipped/>
  </testcase> <!-- Get_Method -->
  <system-out/>
</testsuite> <!-- tests.GetAndPostExamples -->
