<?xml version="1.0" encoding="UTF-8"?>
<!-- Generated by org.testng.reporters.JUnitReportReporter -->
<testsuite hostname="DESKTOP-CC6P9CR" failures="0" tests="6" name="speed.VerifySignEmail" time="6.423" errors="0" timestamp="2022-07-27T12:20:01 IST" skipped="4">
  <testcase classname="speed.VerifySignEmail" name="verifyEmail_with_AlreadyUsedLink" time="2.551"/>
  <system-out/>
  <testcase classname="speed.VerifySignEmail" name="connectDataBase" time="3.872"/>
  <system-out/>
  <testcase classname="speed.VerifySignEmail" name="verifyEmail_with_ExpiredLink">
    <skipped/>
  </testcase> <!-- verifyEmail_with_ExpiredLink -->
  <system-out/>
  <testcase classname="speed.VerifySignEmail" name="verifyEmail_with_ValidLink">
    <skipped/>
  </testcase> <!-- verifyEmail_with_ValidLink -->
  <system-out/>
  <testcase classname="speed.VerifySignEmail" name="verifyEmail_with_Invalidlink">
    <skipped/>
  </testcase> <!-- verifyEmail_with_Invalidlink -->
  <system-out/>
  <testcase classname="speed.VerifySignEmail" name="verifyEmail_with_EmptyLink">
    <skipped/>
  </testcase> <!-- verifyEmail_with_EmptyLink -->
  <system-out/>
</testsuite> <!-- speed.VerifySignEmail -->
