<?xml version="1.0" encoding="UTF-8"?>
<!-- Generated by org.testng.reporters.JUnitReportReporter -->
<testsuite hostname="DESKTOP-CC6P9CR" failures="0" tests="5" name="speed.SignUp" time="5.928" errors="0" timestamp="2022-08-04T12:01:13 IST" skipped="1">
  <testcase classname="speed.SignUp" name="signup_with_ExceedPassword" time="1.112"/>
  <system-out/>
  <testcase classname="speed.SignUp" name="signup_with_AlreadyRegisteredEmail" time="2.697"/>
  <system-out/>
  <testcase classname="speed.SignUp" name="signup_with_InvalidEmailFormat" time="1.106"/>
  <system-out/>
  <testcase classname="speed.SignUp" name="signup_with_EmptyDataField" time="1.013"/>
  <system-out/>
  <testcase classname="speed.SignUp" name="signup_with_ValidData">
    <skipped/>
  </testcase> <!-- signup_with_ValidData -->
  <system-out/>
</testsuite> <!-- speed.SignUp -->
