<?xml version="1.0" encoding="UTF-8"?>
<!-- Generated by org.testng.reporters.JUnitReportReporter -->
<testsuite hostname="DESKTOP-CC6P9CR" failures="0" tests="1" name="tests.JsonSchemaValidator" time="2.024" errors="0" timestamp="2022-07-21T15:20:23 IST" skipped="0">
  <testcase classname="tests.JsonSchemaValidator" name="Get_Method" time="2.024"/>
  <system-out/>
</testsuite> <!-- tests.JsonSchemaValidator -->
