<?xml version="1.0" encoding="UTF-8"?>
<!-- Generated by org.testng.reporters.JUnitReportReporter -->
<testsuite hostname="DESKTOP-CC6P9CR" failures="0" tests="5" name="speed.POST_SignUp" time="3.028" errors="0" timestamp="2022-09-01T11:13:00 IST" skipped="4">
  <testcase classname="speed.POST_SignUp" name="signup_with_ValidData" time="3.028"/>
  <system-out/>
  <testcase classname="speed.POST_SignUp" name="signup_with_AlreadyRegisteredEmail">
    <skipped/>
  </testcase> <!-- signup_with_AlreadyRegisteredEmail -->
  <system-out/>
  <testcase classname="speed.POST_SignUp" name="signup_with_EmptyDataField">
    <skipped/>
  </testcase> <!-- signup_with_EmptyDataField -->
  <system-out/>
  <testcase classname="speed.POST_SignUp" name="signup_with_InvalidEmailFormat">
    <skipped/>
  </testcase> <!-- signup_with_InvalidEmailFormat -->
  <system-out/>
  <testcase classname="speed.POST_SignUp" name="signup_with_ExceedPassword">
    <skipped/>
  </testcase> <!-- signup_with_ExceedPassword -->
  <system-out/>
</testsuite> <!-- speed.POST_SignUp -->
