<?xml version="1.0" encoding="UTF-8"?>
<!-- Generated by org.testng.reporters.JUnitReportReporter -->
<testsuite hostname="DESKTOP-CC6P9CR" failures="0" tests="2" name="tests.PutPatchDelete" time="2.812" errors="0" timestamp="2022-07-21T14:13:21 IST" skipped="0">
  <testcase classname="tests.PutPatchDelete" name="Patch_Method" time="0.691"/>
  <system-out/>
  <testcase classname="tests.PutPatchDelete" name="Delete_Method" time="2.121"/>
  <system-out/>
</testsuite> <!-- tests.PutPatchDelete -->
