<?xml version="1.0" encoding="UTF-8"?>
<!-- Generated by org.testng.reporters.JUnitReportReporter -->
<testsuite hostname="DESKTOP-CC6P9CR" failures="0" tests="1" name="tests.Logout" time="0.863" errors="0" timestamp="2022-07-20T12:30:52 IST" skipped="0">
  <testcase classname="tests.Logout" name="SpeedLogout" time="0.863"/>
  <system-out/>
</testsuite> <!-- tests.Logout -->
