<?xml version="1.0" encoding="UTF-8"?>
<!-- Generated by org.testng.reporters.JUnitReportReporter -->
<testsuite hostname="DESKTOP-CC6P9CR" failures="0" tests="5" name="speed.SignUp" time="2.317" errors="0" timestamp="2022-07-25T11:55:35 IST" skipped="4">
  <testcase classname="speed.SignUp" name="SignUp_With_ValidData" time="2.317"/>
  <system-out/>
  <testcase classname="speed.SignUp" name="SignUp_With_AlreadyRegisteredEmail">
    <skipped/>
  </testcase> <!-- SignUp_With_AlreadyRegisteredEmail -->
  <system-out/>
  <testcase classname="speed.SignUp" name="SignUp_With_EmptyDataField">
    <skipped/>
  </testcase> <!-- SignUp_With_EmptyDataField -->
  <system-out/>
  <testcase classname="speed.SignUp" name="SignUp_With_ExceedPassword">
    <skipped/>
  </testcase> <!-- SignUp_With_ExceedPassword -->
  <system-out/>
  <testcase classname="speed.SignUp" name="SignUp_With_InvalidEmailFormat">
    <skipped/>
  </testcase> <!-- SignUp_With_InvalidEmailFormat -->
  <system-out/>
</testsuite> <!-- speed.SignUp -->
