<?xml version="1.0" encoding="UTF-8"?>
<!-- Generated by org.testng.reporters.JUnitReportReporter -->
<testsuite hostname="DESKTOP-CC6P9CR" failures="0" tests="2" name="tests.FirstClass" time="4.086" errors="0" timestamp="2023-02-15T17:15:49 IST" skipped="0">
  <testcase classname="tests.FirstClass" name="Get_Method1" time="3.158"/>
  <system-out/>
  <testcase classname="tests.FirstClass" name="Get_Method2" time="0.928"/>
  <system-out/>
</testsuite> <!-- tests.FirstClass -->
