<?xml version="1.0" encoding="UTF-8"?>
<!-- Generated by org.testng.reporters.JUnitReportReporter -->
<testsuite hostname="DESKTOP-CC6P9CR" failures="0" tests="1" name="speed.Login" time="3.420" errors="0" timestamp="2022-07-27T16:34:52 IST" skipped="0">
  <testcase classname="speed.Login" name="name" time="3.420"/>
  <system-out/>
</testsuite> <!-- speed.Login -->
