<?xml version="1.0" encoding="UTF-8"?>
<!-- Generated by org.testng.reporters.JUnitReportReporter -->
<testsuite hostname="DESKTOP-CC6P9CR" failures="0" tests="1" name="tests.DataDrivenExample" time="2.694" errors="0" timestamp="2022-05-19T12:21:56 IST" skipped="0">
  <testcase classname="tests.DataDrivenExample" name="Post_Method" time="2.694"/>
  <system-out/>
</testsuite> <!-- tests.DataDrivenExample -->
