<?xml version="1.0" encoding="UTF-8"?>
<!-- Generated by org.testng.reporters.JUnitReportReporter -->
<testsuite hostname="DESKTOP-CC6P9CR" failures="0" tests="2" name="tests.GetAndPostExamples" time="3.791" errors="0" timestamp="2022-07-27T14:54:35 IST" skipped="0">
  <testcase classname="tests.GetAndPostExamples" name="Post_Method" time="1.007"/>
  <system-out/>
  <testcase classname="tests.GetAndPostExamples" name="Get_Method" time="2.784"/>
  <system-out/>
</testsuite> <!-- tests.GetAndPostExamples -->
