<?xml version="1.0" encoding="UTF-8"?>
<!-- Generated by org.testng.reporters.JUnitReportReporter -->
<testsuite hostname="DESKTOP-CC6P9CR" failures="0" tests="1" name="speed.Login" time="3.893" errors="0" timestamp="2022-08-22T15:38:57 IST" skipped="0">
  <testcase classname="speed.Login" name="Login_With_ValidCredential" time="3.893"/>
  <system-out/>
</testsuite> <!-- speed.Login -->
